{
  "stats": {
    "suites": 6,
    "tests": 15,
    "passes": 15,
    "pending": 0,
    "failures": 0,
    "start": "2019-07-15T19:51:31.410Z",
    "end": "2019-07-15T19:51:32.781Z",
    "duration": 1371,
    "testsRegistered": 17,
    "passPercent": 88.23529411764706,
    "pendingPercent": 0,
    "other": 2,
    "hasOther": true,
    "skipped": 2,
    "hasSkipped": true
  },
  "results": [
    {
      "uuid": "0b486394-c734-4f59-b34b-81fafe16d71f",
      "title": "",
      "fullFile": "",
      "file": "",
      "beforeHooks": [
        {
          "title": "\"before all\" hook",
          "fullTitle": "\"before all\" hook",
          "timedOut": false,
          "duration": 502,
          "state": null,
          "speed": null,
          "pass": false,
          "fail": false,
          "pending": false,
          "context": null,
          "code": "authenticatedNormalUser\n    .post('/auth/login')\n    .send(normalUserCredentials)\n    .end((err, response) => {\n        expect(response.statusCode).to.equal(302);\n        expect('Location', '/dashboard');\n        done();\n    });",
          "err": {},
          "uuid": "b2f2a9b9-546f-4c11-8cb5-6b9db020129b",
          "parentUUID": "0b486394-c734-4f59-b34b-81fafe16d71f",
          "isHook": true,
          "skipped": false
        },
        {
          "title": "\"before all\" hook",
          "fullTitle": "\"before all\" hook",
          "timedOut": false,
          "duration": 319,
          "state": null,
          "speed": null,
          "pass": false,
          "fail": false,
          "pending": false,
          "context": null,
          "code": "authenticatedRRHHUser\n    .post('/auth/login')\n    .send(rrhhUserCredentials)\n    .end((err, response) => {\n        expect(response.statusCode).to.equal(302);\n        expect('Location', '/dashboard');\n        done();\n    });",
          "err": {},
          "uuid": "af56420b-3b18-489b-afaf-1f7e9c4bc5d0",
          "parentUUID": "0b486394-c734-4f59-b34b-81fafe16d71f",
          "isHook": true,
          "skipped": false
        },
        {
          "title": "\"before all\" hook",
          "fullTitle": "\"before all\" hook",
          "timedOut": false,
          "duration": 390,
          "state": null,
          "speed": null,
          "pass": false,
          "fail": false,
          "pending": false,
          "context": null,
          "code": "authenticatedFirstLoginUser\n    .post('/auth/login')\n    .send(firstLoginUserCredentials)\n    .end((err, response) => {\n        expect(response.statusCode).to.equal(302);\n        expect('Location', '/dashboard');\n        done();\n    });",
          "err": {},
          "uuid": "ed11bc97-8ff6-4bc0-99c8-12651092fbbd",
          "parentUUID": "0b486394-c734-4f59-b34b-81fafe16d71f",
          "isHook": true,
          "skipped": false
        }
      ],
      "afterHooks": [],
      "tests": [],
      "suites": [
        {
          "uuid": "1fa6add6-1b94-4af7-b9b8-7b56186f1d6d",
          "title": "Probando permisos visitante",
          "fullFile": "C:\\Users\\oscar\\source\\repos\\portalgreen\\portal-empleado\\src\\tests\\auth\\permission.test.js",
          "file": "\\src\\tests\\auth\\permission.test.js",
          "beforeHooks": [],
          "afterHooks": [],
          "tests": [
            {
              "title": "Debería redireccionar a la página dashboard",
              "fullTitle": "Probando permisos visitante Debería redireccionar a la página dashboard",
              "timedOut": false,
              "duration": 8,
              "state": "passed",
              "speed": "fast",
              "pass": true,
              "fail": false,
              "pending": false,
              "context": null,
              "code": "request(app).get('/rrhh')\n    .expect('Location', '/dashboard')\n    .expect(302, done);",
              "err": {},
              "uuid": "2edee9ab-d7cf-4fc8-bd04-2ca1ebb6ab22",
              "parentUUID": "1fa6add6-1b94-4af7-b9b8-7b56186f1d6d",
              "isHook": false,
              "skipped": false
            },
            {
              "title": "Debería redireccionar a la página de acceso",
              "fullTitle": "Probando permisos visitante Debería redireccionar a la página de acceso",
              "timedOut": false,
              "duration": 5,
              "state": "passed",
              "speed": "fast",
              "pass": true,
              "fail": false,
              "pending": false,
              "context": null,
              "code": "request(app).get('/dashboard')\n    .expect('Location', '/auth/login')\n    .expect(302, done);",
              "err": {},
              "uuid": "82fff792-30a6-47c3-940d-3d45d9ceccbc",
              "parentUUID": "1fa6add6-1b94-4af7-b9b8-7b56186f1d6d",
              "isHook": false,
              "skipped": false
            }
          ],
          "suites": [],
          "passes": [
            "2edee9ab-d7cf-4fc8-bd04-2ca1ebb6ab22",
            "82fff792-30a6-47c3-940d-3d45d9ceccbc"
          ],
          "failures": [],
          "pending": [],
          "skipped": [],
          "duration": 13,
          "root": false,
          "rootEmpty": false,
          "_timeout": 2000
        },
        {
          "uuid": "4d215ab4-95b2-4d7d-b048-c44a0bb8e980",
          "title": "Probando permisos de usuario normal",
          "fullFile": "C:\\Users\\oscar\\source\\repos\\portalgreen\\portal-empleado\\src\\tests\\auth\\permission.test.js",
          "file": "\\src\\tests\\auth\\permission.test.js",
          "beforeHooks": [],
          "afterHooks": [],
          "tests": [
            {
              "title": "Debería cargar el dashboard sin problema",
              "fullTitle": "Probando permisos de usuario normal Debería cargar el dashboard sin problema",
              "timedOut": false,
              "duration": 8,
              "state": "passed",
              "speed": "fast",
              "pass": true,
              "fail": false,
              "pending": false,
              "context": null,
              "code": "authenticatedNormalUser.get('/dashboard')\n    .expect(302, done);",
              "err": {},
              "uuid": "573cf9d2-0d80-4bef-a0d4-057ff5f98a35",
              "parentUUID": "4d215ab4-95b2-4d7d-b048-c44a0bb8e980",
              "isHook": false,
              "skipped": false
            },
            {
              "title": "Debería redireccionar a la página de dashboard al intentar cargar RRHH",
              "fullTitle": "Probando permisos de usuario normal Debería redireccionar a la página de dashboard al intentar cargar RRHH",
              "timedOut": false,
              "duration": 7,
              "state": "passed",
              "speed": "fast",
              "pass": true,
              "fail": false,
              "pending": false,
              "context": null,
              "code": "authenticatedNormalUser.get('/rrhh')\n    .expect('Location', '/dashboard')\n    .expect(302, done);",
              "err": {},
              "uuid": "4d3dcba1-cdbe-411a-8e9c-6566f8acba61",
              "parentUUID": "4d215ab4-95b2-4d7d-b048-c44a0bb8e980",
              "isHook": false,
              "skipped": false
            },
            {
              "title": "Debería redireccionar a dashboard puesto que ya esta logeado",
              "fullTitle": "Probando permisos de usuario normal Debería redireccionar a dashboard puesto que ya esta logeado",
              "timedOut": false,
              "duration": 49,
              "state": "passed",
              "speed": "medium",
              "pass": true,
              "fail": false,
              "pending": false,
              "context": null,
              "code": "authenticatedNormalUser.get('/auth/login')\n    .expect(200, done);",
              "err": {},
              "uuid": "c3fe28d8-449c-42b1-9d52-bc57797bfead",
              "parentUUID": "4d215ab4-95b2-4d7d-b048-c44a0bb8e980",
              "isHook": false,
              "skipped": false
            },
            {
              "title": "Debería desloggear y redireccionar a la página de acceso",
              "fullTitle": "Probando permisos de usuario normal Debería desloggear y redireccionar a la página de acceso",
              "timedOut": false,
              "duration": 2,
              "state": "passed",
              "speed": "fast",
              "pass": true,
              "fail": false,
              "pending": false,
              "context": null,
              "code": "authenticatedNormalUser.get('/auth/logout')\n    .expect('Location', '/auth/login')\n    .expect(302, done);",
              "err": {},
              "uuid": "9b72c6de-ed3a-4df1-b452-ce043863094a",
              "parentUUID": "4d215ab4-95b2-4d7d-b048-c44a0bb8e980",
              "isHook": false,
              "skipped": false
            }
          ],
          "suites": [],
          "passes": [
            "573cf9d2-0d80-4bef-a0d4-057ff5f98a35",
            "4d3dcba1-cdbe-411a-8e9c-6566f8acba61",
            "c3fe28d8-449c-42b1-9d52-bc57797bfead",
            "9b72c6de-ed3a-4df1-b452-ce043863094a"
          ],
          "failures": [],
          "pending": [],
          "skipped": [],
          "duration": 66,
          "root": false,
          "rootEmpty": false,
          "_timeout": 2000
        },
        {
          "uuid": "75e7d542-efd7-4652-bf9e-145faf5ffe55",
          "title": "Probando permisos de usuario RRHH",
          "fullFile": "C:\\Users\\oscar\\source\\repos\\portalgreen\\portal-empleado\\src\\tests\\auth\\permission.test.js",
          "file": "\\src\\tests\\auth\\permission.test.js",
          "beforeHooks": [],
          "afterHooks": [],
          "tests": [
            {
              "title": "Debería cargar el dashboard",
              "fullTitle": "Probando permisos de usuario RRHH Debería cargar el dashboard",
              "timedOut": false,
              "duration": 2,
              "state": "passed",
              "speed": "fast",
              "pass": true,
              "fail": false,
              "pending": false,
              "context": null,
              "code": "authenticatedRRHHUser.get('/dashboard')\n    .expect(302, done);",
              "err": {},
              "uuid": "522e97ae-f7ec-4266-810f-381df2d6af07",
              "parentUUID": "75e7d542-efd7-4652-bf9e-145faf5ffe55",
              "isHook": false,
              "skipped": false
            },
            {
              "title": "Debería cargar la página de RRHH",
              "fullTitle": "Probando permisos de usuario RRHH Debería cargar la página de RRHH",
              "timedOut": false,
              "duration": 1,
              "state": "passed",
              "speed": "fast",
              "pass": true,
              "fail": false,
              "pending": false,
              "context": null,
              "code": "authenticatedRRHHUser.get('/rrhh')\n    .expect(302, done);",
              "err": {},
              "uuid": "f7f62cc4-58b3-4afb-8fe0-d2c1a36bff2d",
              "parentUUID": "75e7d542-efd7-4652-bf9e-145faf5ffe55",
              "isHook": false,
              "skipped": false
            },
            {
              "title": "Debería redireccionar a dashboard puesto que ya esta logeado",
              "fullTitle": "Probando permisos de usuario RRHH Debería redireccionar a dashboard puesto que ya esta logeado",
              "timedOut": false,
              "duration": 21,
              "state": "passed",
              "speed": "fast",
              "pass": true,
              "fail": false,
              "pending": false,
              "context": null,
              "code": "authenticatedRRHHUser.get('/auth/login')\n    .expect(200, done);",
              "err": {},
              "uuid": "d595cb3c-d4fb-4170-befb-e6d17b7c4ee4",
              "parentUUID": "75e7d542-efd7-4652-bf9e-145faf5ffe55",
              "isHook": false,
              "skipped": false
            },
            {
              "title": "Debería deslogear y redireccionar a la página de acceso",
              "fullTitle": "Probando permisos de usuario RRHH Debería deslogear y redireccionar a la página de acceso",
              "timedOut": false,
              "duration": 2,
              "state": "passed",
              "speed": "fast",
              "pass": true,
              "fail": false,
              "pending": false,
              "context": null,
              "code": "authenticatedRRHHUser.get('/auth/logout')\n    .expect('Location', '/auth/login')\n    .expect(302, done);",
              "err": {},
              "uuid": "0bc8be46-490b-479a-a5bb-27cfac48934d",
              "parentUUID": "75e7d542-efd7-4652-bf9e-145faf5ffe55",
              "isHook": false,
              "skipped": false
            }
          ],
          "suites": [],
          "passes": [
            "522e97ae-f7ec-4266-810f-381df2d6af07",
            "f7f62cc4-58b3-4afb-8fe0-d2c1a36bff2d",
            "d595cb3c-d4fb-4170-befb-e6d17b7c4ee4",
            "0bc8be46-490b-479a-a5bb-27cfac48934d"
          ],
          "failures": [],
          "pending": [],
          "skipped": [],
          "duration": 26,
          "root": false,
          "rootEmpty": false,
          "_timeout": 2000
        },
        {
          "uuid": "9fd30825-8b2c-472e-bd2b-603494395538",
          "title": "Probando permisos de usuario first-time-login",
          "fullFile": "C:\\Users\\oscar\\source\\repos\\portalgreen\\portal-empleado\\src\\tests\\auth\\permission.test.js",
          "file": "\\src\\tests\\auth\\permission.test.js",
          "beforeHooks": [],
          "afterHooks": [],
          "tests": [
            {
              "title": "Debería cargar la pagina de cambio de clave si intento acceder al dashboard",
              "fullTitle": "Probando permisos de usuario first-time-login Debería cargar la pagina de cambio de clave si intento acceder al dashboard",
              "timedOut": false,
              "duration": 2,
              "state": "passed",
              "speed": "fast",
              "pass": true,
              "fail": false,
              "pending": false,
              "context": null,
              "code": "authenticatedFirstLoginUser.get('/dashboard')\n    .expect(302, done);",
              "err": {},
              "uuid": "9ae7e565-7f89-4e67-96ae-e9eff70eaec7",
              "parentUUID": "9fd30825-8b2c-472e-bd2b-603494395538",
              "isHook": false,
              "skipped": false
            },
            {
              "title": "Debería cargar la página de cambio de clave si intento acceder a recursos humanos",
              "fullTitle": "Probando permisos de usuario first-time-login Debería cargar la página de cambio de clave si intento acceder a recursos humanos",
              "timedOut": false,
              "duration": 3,
              "state": "passed",
              "speed": "fast",
              "pass": true,
              "fail": false,
              "pending": false,
              "context": null,
              "code": "authenticatedFirstLoginUser.get('/rrhh')\n    .expect('Location', '/dashboard')\n    .expect(302, done);",
              "err": {},
              "uuid": "0aa68c9f-9d20-4083-9986-6d2a519496b9",
              "parentUUID": "9fd30825-8b2c-472e-bd2b-603494395538",
              "isHook": false,
              "skipped": false
            },
            {
              "title": "Debería poder acceder a la página de cambio de clave",
              "fullTitle": "Probando permisos de usuario first-time-login Debería poder acceder a la página de cambio de clave",
              "timedOut": false,
              "duration": 3,
              "state": "passed",
              "speed": "fast",
              "pass": true,
              "fail": false,
              "pending": false,
              "context": null,
              "code": "authenticatedFirstLoginUser.get('/dashboard/cambiar_clave')\n    .expect(302, done);",
              "err": {},
              "uuid": "5f97849a-8a97-4489-b5bb-fad1f6b79476",
              "parentUUID": "9fd30825-8b2c-472e-bd2b-603494395538",
              "isHook": false,
              "skipped": false
            },
            {
              "title": "Debería deslogear y redireccionar a la página de acceso",
              "fullTitle": "Probando permisos de usuario first-time-login Debería deslogear y redireccionar a la página de acceso",
              "timedOut": false,
              "duration": 2,
              "state": "passed",
              "speed": "fast",
              "pass": true,
              "fail": false,
              "pending": false,
              "context": null,
              "code": "authenticatedFirstLoginUser.get('/auth/logout')\n    .expect('Location', '/auth/login')\n    .expect(302, done);",
              "err": {},
              "uuid": "05222a0f-da0e-4e23-8278-46e17e687c1b",
              "parentUUID": "9fd30825-8b2c-472e-bd2b-603494395538",
              "isHook": false,
              "skipped": false
            }
          ],
          "suites": [],
          "passes": [
            "9ae7e565-7f89-4e67-96ae-e9eff70eaec7",
            "0aa68c9f-9d20-4083-9986-6d2a519496b9",
            "5f97849a-8a97-4489-b5bb-fad1f6b79476",
            "05222a0f-da0e-4e23-8278-46e17e687c1b"
          ],
          "failures": [],
          "pending": [],
          "skipped": [],
          "duration": 10,
          "root": false,
          "rootEmpty": false,
          "_timeout": 2000
        },
        {
          "uuid": "48bfbbf6-9cc6-4dcb-bacd-dedcdd0d44e1",
          "title": "Google search automated testing",
          "fullFile": "C:\\Users\\oscar\\source\\repos\\portalgreen\\portal-empleado\\src\\tests\\automated_testing\\loginPage.test.js",
          "file": "\\src\\tests\\automated_testing\\loginPage.test.js",
          "beforeHooks": [
            {
              "title": "\"before each\" hook for \"find the input box and google search button\"",
              "fullTitle": "Google search automated testing \"before each\" hook for \"find the input box and google search button\"",
              "timedOut": false,
              "duration": 4,
              "state": "failed",
              "speed": null,
              "pass": false,
              "fail": true,
              "pending": false,
              "context": null,
              "code": "page = new Page();\ndriver = page.driver;\nawait page.visit('https://www.google.com/');",
              "err": {
                "message": "Error: The ChromeDriver could not be found on the current PATH. Please download the latest version of the ChromeDriver from http://chromedriver.storage.googleapis.com/index.html and ensure it can be found on your PATH.",
                "estack": "Error: The ChromeDriver could not be found on the current PATH. Please download the latest version of the ChromeDriver from http://chromedriver.storage.googleapis.com/index.html and ensure it can be found on your PATH.\n    at new ServiceBuilder (node_modules\\selenium-webdriver\\chrome.js:232:13)\n    at getDefaultService (node_modules\\selenium-webdriver\\chrome.js:321:22)\n    at Function.createSession (node_modules\\selenium-webdriver\\chrome.js:694:44)\n    at createDriver (node_modules\\selenium-webdriver\\index.js:155:33)\n    at Builder.build (node_modules\\selenium-webdriver\\index.js:662:16)\n    at new Page (src\\lib\\basePage.js:14:10)\n    at Context.beforeEach (src\\tests\\automated_testing\\loginPage.test.js:18:24)",
                "diff": null
              },
              "uuid": "2e3d4659-b205-454c-b21d-8aa184f06577",
              "parentUUID": "48bfbbf6-9cc6-4dcb-bacd-dedcdd0d44e1",
              "isHook": true,
              "skipped": false
            }
          ],
          "afterHooks": [
            {
              "title": "\"after each\" hook for \"find the input box and google search button\"",
              "fullTitle": "Google search automated testing \"after each\" hook for \"find the input box and google search button\"",
              "timedOut": false,
              "duration": 0,
              "state": "failed",
              "speed": null,
              "pass": false,
              "fail": true,
              "pending": false,
              "context": null,
              "code": "await page.quit();",
              "err": {
                "message": "TypeError: Cannot read property 'quit' of undefined",
                "estack": "TypeError: Cannot read property 'quit' of undefined\n    at Context.afterEach (src\\tests\\automated_testing\\loginPage.test.js:24:28)",
                "diff": null
              },
              "uuid": "15deeeac-0ee6-4f18-a674-ee768921c3b9",
              "parentUUID": "48bfbbf6-9cc6-4dcb-bacd-dedcdd0d44e1",
              "isHook": true,
              "skipped": false
            }
          ],
          "tests": [
            {
              "title": "find the input box and google search button",
              "fullTitle": "Google search automated testing find the input box and google search button",
              "timedOut": false,
              "duration": 0,
              "state": null,
              "speed": null,
              "pass": false,
              "fail": false,
              "pending": false,
              "context": null,
              "code": "const result = await page.findInputAndButton();\nexpect(result.inputEnabled).to.equal(true);\nexpect(result.buttonText).to.include('Google');",
              "err": {},
              "uuid": "2db08e39-593f-4aa4-a785-7201a4a09ad3",
              "parentUUID": "48bfbbf6-9cc6-4dcb-bacd-dedcdd0d44e1",
              "isHook": false,
              "skipped": true
            },
            {
              "title": "put keyword in search box and click search button",
              "fullTitle": "Google search automated testing put keyword in search box and click search button",
              "timedOut": false,
              "duration": 0,
              "state": null,
              "speed": null,
              "pass": false,
              "fail": false,
              "pending": false,
              "context": null,
              "code": "const result = await page.submitKeywordAndGetResult();\nexpect(result.length).to.be.above(10);",
              "err": {},
              "uuid": "3891835a-ca14-41ce-b18f-ad2616abda30",
              "parentUUID": "48bfbbf6-9cc6-4dcb-bacd-dedcdd0d44e1",
              "isHook": false,
              "skipped": true
            }
          ],
          "suites": [],
          "passes": [],
          "failures": [],
          "pending": [],
          "skipped": [
            "2db08e39-593f-4aa4-a785-7201a4a09ad3",
            "3891835a-ca14-41ce-b18f-ad2616abda30"
          ],
          "duration": 0,
          "root": false,
          "rootEmpty": false,
          "_timeout": 50000
        },
        {
          "uuid": "9e053bff-64a6-4eed-9cb1-c6287676ec07",
          "title": "Probando rutas visitante",
          "fullFile": "C:\\Users\\oscar\\source\\repos\\portalgreen\\portal-empleado\\src\\tests\\routes\\routes.test.js",
          "file": "\\src\\tests\\routes\\routes.test.js",
          "beforeHooks": [],
          "afterHooks": [],
          "tests": [
            {
              "title": "Debería cargar la página de acceso",
              "fullTitle": "Probando rutas visitante Debería cargar la página de acceso",
              "timedOut": false,
              "duration": 15,
              "state": "passed",
              "speed": "fast",
              "pass": true,
              "fail": false,
              "pending": false,
              "context": null,
              "code": "request(app).get('/auth/login')\n    .expect(200, done);",
              "err": {},
              "uuid": "fadf71df-3a0e-4cea-8a06-f354c2cafd4d",
              "parentUUID": "9e053bff-64a6-4eed-9cb1-c6287676ec07",
              "isHook": false,
              "skipped": false
            }
          ],
          "suites": [],
          "passes": [
            "fadf71df-3a0e-4cea-8a06-f354c2cafd4d"
          ],
          "failures": [],
          "pending": [],
          "skipped": [],
          "duration": 15,
          "root": false,
          "rootEmpty": false,
          "_timeout": 2000
        }
      ],
      "passes": [],
      "failures": [],
      "pending": [],
      "skipped": [],
      "duration": 0,
      "root": true,
      "rootEmpty": true,
      "_timeout": 2000
    }
  ],
  "meta": {
    "mocha": {
      "version": "6.1.4"
    },
    "mochawesome": {
      "options": {
        "quiet": false,
        "reportFilename": "mochawesome",
        "saveHtml": true,
        "saveJson": true,
        "useInlineDiffs": false
      },
      "version": "4.0.1"
    },
    "marge": {
      "options": {
        "autoOpen": "true"
      },
      "version": "4.0.1"
    }
  }
}